cvnou, -1
€, -1
65, 0
:, -1
intreg, -1
;, -1
citeste, -1
(, -1
€, -1
65, 0
), -1
;, -1
cvnou, -1
€, -1
39, 1
:, -1
intreg, -1
;, -1
€, -1
39, 1
estiegal, -1
2, 0
;, -1
cvnou, -1
€, -1
37, 2
:, -1
intreg, -1
;, -1
€, -1
37, 2
estiegal, -1
1, 1
;, -1
cattimp, -1
(, -1
€, -1
39, 1
oriori, -1
€, -1
39, 1
maimicegal, -1
€, -1
65, 0
sisi, -1
€, -1
37, 2
verificaegal, -1
1, 1
), -1
fa, -1
{, -1
daca, -1
(, -1
€, -1
65, 0
lasuta, -1
€, -1
39, 1
verificaegal, -1
0, 2
), -1
atunci, -1
{, -1
€, -1
37, 2
estiegal, -1
0, 2
;, -1
}, -1
€, -1
39, 1
estiegal, -1
€, -1
39, 1
adunate, -1
1, 1
;, -1
}, -1
daca, -1
(, -1
€, -1
37, 2
verificaegal, -1
1, 1
), -1
atunci, -1
{, -1
scrie, -1
(, -1
21, 3
), -1
;, -1
}, -1
altfel, -1
{, -1
scrie, -1
(, -1
46, 4
), -1
;, -1
}, -1
cvnou, -1
€, -1
99, 3
:, -1
intreg, -1
;, -1
cvnou, -1
€, -1
65, 4
:, -1
intreg, -1
;, -1
scrie, -1
(, -1
16, 5
), -1
;, -1
citeste, -1
(, -1
€, -1
99, 3
), -1
;, -1
scrie, -1
(, -1
47, 6
), -1
;, -1
citeste, -1
(, -1
€, -1
65, 4
), -1
;, -1
cvnou, -1
€, -1
27, 5
:, -1
intreg, -1
;, -1
cattimp, -1
(, -1
€, -1
65, 4
verificanuegal, -1
0, 2
), -1
fa, -1
{, -1
€, -1
27, 5
estiegal, -1
€, -1
99, 3
lasuta, -1
€, -1
65, 4
;, -1
€, -1
99, 3
estiegal, -1
€, -1
65, 4
;, -1
€, -1
65, 4
estiegal, -1
€, -1
27, 5
;, -1
}, -1
scrie, -1
(, -1
13, 7
), -1
;, -1
scrie, -1
(, -1
€, -1
99, 3
), -1
;, -1
cvnou, -1
€, -1
99, 3
:, -1
intreg, -1
;, -1
cvnou, -1
€, -1
65, 4
:, -1
intreg, -1
;, -1
cvnou, -1
€, -1
58, 6
:, -1
intreg, -1
;, -1
scrie, -1
(, -1
82, 8
), -1
;, -1
scrie, -1
(, -1
16, 5
), -1
;, -1
citeste, -1
(, -1
€, -1
99, 3
), -1
;, -1
scrie, -1
(, -1
47, 6
), -1
;, -1
citeste, -1
(, -1
€, -1
65, 4
), -1
;, -1
scrie, -1
(, -1
86, 9
), -1
;, -1
citeste, -1
(, -1
€, -1
58, 6
), -1
;, -1
cvnou, -1
€, -1
40, 7
:, -1
intreg, -1
;, -1
€, -1
40, 7
estiegal, -1
€, -1
65, 4
oriori, -1
€, -1
65, 4
4, 10
oriori, -1
€, -1
99, 3
oriori, -1
€, -1
58, 6
;, -1
cvnou, -1
€, -1
93, 8
:, -1
real, -1
;, -1
cvnou, -1
€, -1
96, 9
:, -1
real, -1
;, -1
daca, -1
(, -1
€, -1
40, 7
maimic, -1
0, 2
), -1
atunci, -1
{, -1
scrie, -1
(, -1
40, 11
), -1
;, -1
}, -1
daca, -1
(, -1
€, -1
40, 7
verificaegal, -1
0, 2
), -1
atunci, -1
{, -1
€, -1
93, 8
estiegal, -1
(, -1
stergete, -1
€, -1
65, 4
), -1
orioriinvers, -1
(, -1
2, 0
oriori, -1
€, -1
99, 3
), -1
;, -1
scrie, -1
(, -1
67, 12
), -1
;, -1
scrie, -1
(, -1
€, -1
93, 8
), -1
;, -1
}, -1
€, -1
93, 8
estiegal, -1
(, -1
(, -1
stergete, -1
€, -1
65, 4
), -1
stergete, -1
(, -1
radical, -1
€, -1
40, 7
), -1
), -1
orioriinvers, -1
(, -1
2, 0
oriori, -1
€, -1
99, 3
), -1
;, -1
€, -1
96, 9
estiegal, -1
(, -1
(, -1
stergete, -1
€, -1
65, 4
), -1
adunate, -1
(, -1
radical, -1
€, -1
40, 7
), -1
), -1
orioriinvers, -1
(, -1
2, 0
oriori, -1
€, -1
99, 3
), -1
;, -1
scrie, -1
(, -1
93, 13
), -1
;, -1
scrie, -1
(, -1
€, -1
93, 8
), -1
;, -1
scrie, -1
(, -1
99, 14
), -1
;, -1
scrie, -1
(, -1
€, -1
96, 9
), -1
;, -1
